<?xml version="1.0" encoding="UTF-8"?>
<!-- Generated by org.testng.reporters.JUnitReportReporter -->
<testsuite hostname="Williams-MacBook-Air.local" failures="0" tests="2" name="testCases.US1TC1Auth" time="2.620" errors="0" timestamp="2024-12-06T20:23:04 MYT" skipped="0">
  <testcase classname="testCases.US1TC1Auth" name="US1testWithCsvData" time="1.104"/>
  <testcase classname="testCases.US1TC1Auth" name="US1testWithCsvData" time="1.516"/>
</testsuite> <!-- testCases.US1TC1Auth -->
