<?xml version="1.0" encoding="UTF-8"?>
<!-- Generated by org.testng.reporters.JUnitReportReporter -->
<testsuite hostname="Williams-MacBook-Air.local" failures="0" tests="1" name="testCases.US2Login" time="0.539" errors="0" timestamp="2024-12-06T20:23:04 MYT" skipped="0">
  <testcase classname="testCases.US2Login" name="US2testCase1" time="0.539"/>
</testsuite> <!-- testCases.US2Login -->
