<?xml version="1.0" encoding="UTF-8"?>
<!-- Generated by org.testng.reporters.JUnitReportReporter -->
<testsuite hostname="Williams-MacBook-Air.local" failures="0" tests="1" name="testCases.US3Product" time="0.530" errors="0" timestamp="2024-12-06T20:23:04 MYT" skipped="0">
  <testcase classname="testCases.US3Product" name="US2testCase1" time="0.530"/>
</testsuite> <!-- testCases.US3Product -->
